<?xml version="1.0" encoding="UTF-8"?>
<testsuite xmlns:xsi="http://www.w3.org/2001/XMLSchema-instance" xsi:noNamespaceSchemaLocation="https://maven.apache.org/surefire/maven-surefire-plugin/xsd/surefire-test-report.xsd" name="com.example.jenkins.JenkinsSpringApplicationTests" time="2.218" tests="1" errors="0" skipped="0" failures="0">
  <properties>
    <property name="java.specification.version" value="17"/>
    <property name="sun.cpu.isalist" value="amd64"/>
    <property name="sun.jnu.encoding" value="Cp1252"/>
    <property name="java.class.path" value="C:\Users\pratimakushwaha\Documents\Java Practice\assignment\jenkins-spring\target\test-classes;C:\Users\pratimakushwaha\Documents\Java Practice\assignment\jenkins-spring\target\classes;C:\Users\pratimakushwaha\.m2\repository\org\springframework\boot\spring-boot-starter-web\3.0.1\spring-boot-starter-web-3.0.1.jar;C:\Users\pratimakushwaha\.m2\repository\org\springframework\boot\spring-boot-starter\3.0.1\spring-boot-starter-3.0.1.jar;C:\Users\pratimakushwaha\.m2\repository\org\springframework\boot\spring-boot\3.0.1\spring-boot-3.0.1.jar;C:\Users\pratimakushwaha\.m2\repository\org\springframework\boot\spring-boot-autoconfigure\3.0.1\spring-boot-autoconfigure-3.0.1.jar;C:\Users\pratimakushwaha\.m2\repository\org\springframework\boot\spring-boot-starter-logging\3.0.1\spring-boot-starter-logging-3.0.1.jar;C:\Users\pratimakushwaha\.m2\repository\ch\qos\logback\logback-classic\1.4.5\logback-classic-1.4.5.jar;C:\Users\pratimakushwaha\.m2\repository\ch\qos\logback\logback-core\1.4.5\logback-core-1.4.5.jar;C:\Users\pratimakushwaha\.m2\repository\org\apache\logging\log4j\log4j-to-slf4j\2.19.0\log4j-to-slf4j-2.19.0.jar;C:\Users\pratimakushwaha\.m2\repository\org\apache\logging\log4j\log4j-api\2.19.0\log4j-api-2.19.0.jar;C:\Users\pratimakushwaha\.m2\repository\org\slf4j\jul-to-slf4j\2.0.6\jul-to-slf4j-2.0.6.jar;C:\Users\pratimakushwaha\.m2\repository\jakarta\annotation\jakarta.annotation-api\2.1.1\jakarta.annotation-api-2.1.1.jar;C:\Users\pratimakushwaha\.m2\repository\org\yaml\snakeyaml\1.33\snakeyaml-1.33.jar;C:\Users\pratimakushwaha\.m2\repository\org\springframework\boot\spring-boot-starter-json\3.0.1\spring-boot-starter-json-3.0.1.jar;C:\Users\pratimakushwaha\.m2\repository\com\fasterxml\jackson\core\jackson-databind\2.14.1\jackson-databind-2.14.1.jar;C:\Users\pratimakushwaha\.m2\repository\com\fasterxml\jackson\core\jackson-annotations\2.14.1\jackson-annotations-2.14.1.jar;C:\Users\pratimakushwaha\.m2\repository\com\fasterxml\jackson\core\jackson-core\2.14.1\jackson-core-2.14.1.jar;C:\Users\pratimakushwaha\.m2\repository\com\fasterxml\jackson\datatype\jackson-datatype-jdk8\2.14.1\jackson-datatype-jdk8-2.14.1.jar;C:\Users\pratimakushwaha\.m2\repository\com\fasterxml\jackson\datatype\jackson-datatype-jsr310\2.14.1\jackson-datatype-jsr310-2.14.1.jar;C:\Users\pratimakushwaha\.m2\repository\com\fasterxml\jackson\module\jackson-module-parameter-names\2.14.1\jackson-module-parameter-names-2.14.1.jar;C:\Users\pratimakushwaha\.m2\repository\org\springframework\boot\spring-boot-starter-tomcat\3.0.1\spring-boot-starter-tomcat-3.0.1.jar;C:\Users\pratimakushwaha\.m2\repository\org\apache\tomcat\embed\tomcat-embed-core\10.1.4\tomcat-embed-core-10.1.4.jar;C:\Users\pratimakushwaha\.m2\repository\org\apache\tomcat\embed\tomcat-embed-el\10.1.4\tomcat-embed-el-10.1.4.jar;C:\Users\pratimakushwaha\.m2\repository\org\apache\tomcat\embed\tomcat-embed-websocket\10.1.4\tomcat-embed-websocket-10.1.4.jar;C:\Users\pratimakushwaha\.m2\repository\org\springframework\spring-web\6.0.3\spring-web-6.0.3.jar;C:\Users\pratimakushwaha\.m2\repository\org\springframework\spring-beans\6.0.3\spring-beans-6.0.3.jar;C:\Users\pratimakushwaha\.m2\repository\io\micrometer\micrometer-observation\1.10.2\micrometer-observation-1.10.2.jar;C:\Users\pratimakushwaha\.m2\repository\io\micrometer\micrometer-commons\1.10.2\micrometer-commons-1.10.2.jar;C:\Users\pratimakushwaha\.m2\repository\org\springframework\spring-webmvc\6.0.3\spring-webmvc-6.0.3.jar;C:\Users\pratimakushwaha\.m2\repository\org\springframework\spring-aop\6.0.3\spring-aop-6.0.3.jar;C:\Users\pratimakushwaha\.m2\repository\org\springframework\spring-context\6.0.3\spring-context-6.0.3.jar;C:\Users\pratimakushwaha\.m2\repository\org\springframework\spring-expression\6.0.3\spring-expression-6.0.3.jar;C:\Users\pratimakushwaha\.m2\repository\org\springframework\boot\spring-boot-starter-test\3.0.1\spring-boot-starter-test-3.0.1.jar;C:\Users\pratimakushwaha\.m2\repository\org\springframework\boot\spring-boot-test\3.0.1\spring-boot-test-3.0.1.jar;C:\Users\pratimakushwaha\.m2\repository\org\springframework\boot\spring-boot-test-autoconfigure\3.0.1\spring-boot-test-autoconfigure-3.0.1.jar;C:\Users\pratimakushwaha\.m2\repository\com\jayway\jsonpath\json-path\2.7.0\json-path-2.7.0.jar;C:\Users\pratimakushwaha\.m2\repository\net\minidev\json-smart\2.4.8\json-smart-2.4.8.jar;C:\Users\pratimakushwaha\.m2\repository\net\minidev\accessors-smart\2.4.8\accessors-smart-2.4.8.jar;C:\Users\pratimakushwaha\.m2\repository\org\ow2\asm\asm\9.1\asm-9.1.jar;C:\Users\pratimakushwaha\.m2\repository\org\slf4j\slf4j-api\2.0.6\slf4j-api-2.0.6.jar;C:\Users\pratimakushwaha\.m2\repository\jakarta\xml\bind\jakarta.xml.bind-api\4.0.0\jakarta.xml.bind-api-4.0.0.jar;C:\Users\pratimakushwaha\.m2\repository\jakarta\activation\jakarta.activation-api\2.1.0\jakarta.activation-api-2.1.0.jar;C:\Users\pratimakushwaha\.m2\repository\org\assertj\assertj-core\3.23.1\assertj-core-3.23.1.jar;C:\Users\pratimakushwaha\.m2\repository\net\bytebuddy\byte-buddy\1.12.20\byte-buddy-1.12.20.jar;C:\Users\pratimakushwaha\.m2\repository\org\hamcrest\hamcrest\2.2\hamcrest-2.2.jar;C:\Users\pratimakushwaha\.m2\repository\org\junit\jupiter\junit-jupiter\5.9.1\junit-jupiter-5.9.1.jar;C:\Users\pratimakushwaha\.m2\repository\org\junit\jupiter\junit-jupiter-api\5.9.1\junit-jupiter-api-5.9.1.jar;C:\Users\pratimakushwaha\.m2\repository\org\opentest4j\opentest4j\1.2.0\opentest4j-1.2.0.jar;C:\Users\pratimakushwaha\.m2\repository\org\junit\platform\junit-platform-commons\1.9.1\junit-platform-commons-1.9.1.jar;C:\Users\pratimakushwaha\.m2\repository\org\apiguardian\apiguardian-api\1.1.2\apiguardian-api-1.1.2.jar;C:\Users\pratimakushwaha\.m2\repository\org\junit\jupiter\junit-jupiter-params\5.9.1\junit-jupiter-params-5.9.1.jar;C:\Users\pratimakushwaha\.m2\repository\org\junit\jupiter\junit-jupiter-engine\5.9.1\junit-jupiter-engine-5.9.1.jar;C:\Users\pratimakushwaha\.m2\repository\org\junit\platform\junit-platform-engine\1.9.1\junit-platform-engine-1.9.1.jar;C:\Users\pratimakushwaha\.m2\repository\org\mockito\mockito-core\4.8.1\mockito-core-4.8.1.jar;C:\Users\pratimakushwaha\.m2\repository\net\bytebuddy\byte-buddy-agent\1.12.20\byte-buddy-agent-1.12.20.jar;C:\Users\pratimakushwaha\.m2\repository\org\objenesis\objenesis\3.2\objenesis-3.2.jar;C:\Users\pratimakushwaha\.m2\repository\org\mockito\mockito-junit-jupiter\4.8.1\mockito-junit-jupiter-4.8.1.jar;C:\Users\pratimakushwaha\.m2\repository\org\skyscreamer\jsonassert\1.5.1\jsonassert-1.5.1.jar;C:\Users\pratimakushwaha\.m2\repository\com\vaadin\external\google\android-json\0.0.20131108.vaadin1\android-json-0.0.20131108.vaadin1.jar;C:\Users\pratimakushwaha\.m2\repository\org\springframework\spring-core\6.0.3\spring-core-6.0.3.jar;C:\Users\pratimakushwaha\.m2\repository\org\springframework\spring-jcl\6.0.3\spring-jcl-6.0.3.jar;C:\Users\pratimakushwaha\.m2\repository\org\springframework\spring-test\6.0.3\spring-test-6.0.3.jar;C:\Users\pratimakushwaha\.m2\repository\org\xmlunit\xmlunit-core\2.9.0\xmlunit-core-2.9.0.jar;C:\Users\pratimakushwaha\.m2\repository\com\spotify\dockerfile-maven-plugin\1.4.0\dockerfile-maven-plugin-1.4.0.jar;C:\Users\pratimakushwaha\.m2\repository\com\spotify\docker-client\8.11.1\docker-client-8.11.1-shaded.jar;C:\Users\pratimakushwaha\.m2\repository\com\fasterxml\jackson\jaxrs\jackson-jaxrs-json-provider\2.14.1\jackson-jaxrs-json-provider-2.14.1.jar;C:\Users\pratimakushwaha\.m2\repository\com\fasterxml\jackson\jaxrs\jackson-jaxrs-base\2.14.1\jackson-jaxrs-base-2.14.1.jar;C:\Users\pratimakushwaha\.m2\repository\com\fasterxml\jackson\module\jackson-module-jaxb-annotations\2.14.1\jackson-module-jaxb-annotations-2.14.1.jar;C:\Users\pratimakushwaha\.m2\repository\com\fasterxml\jackson\datatype\jackson-datatype-guava\2.14.1\jackson-datatype-guava-2.14.1.jar;C:\Users\pratimakushwaha\.m2\repository\org\glassfish\jersey\core\jersey-client\3.1.0\jersey-client-3.1.0.jar;C:\Users\pratimakushwaha\.m2\repository\jakarta\ws\rs\jakarta.ws.rs-api\3.1.0\jakarta.ws.rs-api-3.1.0.jar;C:\Users\pratimakushwaha\.m2\repository\org\glassfish\jersey\core\jersey-common\3.1.0\jersey-common-3.1.0.jar;C:\Users\pratimakushwaha\.m2\repository\org\glassfish\hk2\osgi-resource-locator\1.0.3\osgi-resource-locator-1.0.3.jar;C:\Users\pratimakushwaha\.m2\repository\jakarta\inject\jakarta.inject-api\2.0.1\jakarta.inject-api-2.0.1.jar;C:\Users\pratimakushwaha\.m2\repository\org\glassfish\jersey\connectors\jersey-apache-connector\3.1.0\jersey-apache-connector-3.1.0.jar;C:\Users\pratimakushwaha\.m2\repository\org\glassfish\jersey\media\jersey-media-json-jackson\3.1.0\jersey-media-json-jackson-3.1.0.jar;C:\Users\pratimakushwaha\.m2\repository\org\glassfish\jersey\ext\jersey-entity-filtering\3.1.0\jersey-entity-filtering-3.1.0.jar;C:\Users\pratimakushwaha\.m2\repository\com\fasterxml\jackson\module\jackson-module-jakarta-xmlbind-annotations\2.14.1\jackson-module-jakarta-xmlbind-annotations-2.14.1.jar;C:\Users\pratimakushwaha\.m2\repository\org\apache\commons\commons-compress\1.9\commons-compress-1.9.jar;C:\Users\pratimakushwaha\.m2\repository\commons-io\commons-io\2.5\commons-io-2.5.jar;C:\Users\pratimakushwaha\.m2\repository\org\apache\httpcomponents\httpclient\4.5.14\httpclient-4.5.14.jar;C:\Users\pratimakushwaha\.m2\repository\commons-codec\commons-codec\1.15\commons-codec-1.15.jar;C:\Users\pratimakushwaha\.m2\repository\org\apache\httpcomponents\httpcore\4.4.16\httpcore-4.4.16.jar;C:\Users\pratimakushwaha\.m2\repository\com\github\jnr\jnr-unixsocket\0.18\jnr-unixsocket-0.18.jar;C:\Users\pratimakushwaha\.m2\repository\com\github\jnr\jnr-ffi\2.1.4\jnr-ffi-2.1.4.jar;C:\Users\pratimakushwaha\.m2\repository\com\github\jnr\jffi\1.2.15\jffi-1.2.15.jar;C:\Users\pratimakushwaha\.m2\repository\com\github\jnr\jffi\1.2.15\jffi-1.2.15-native.jar;C:\Users\pratimakushwaha\.m2\repository\org\ow2\asm\asm-commons\5.0.3\asm-commons-5.0.3.jar;C:\Users\pratimakushwaha\.m2\repository\org\ow2\asm\asm-analysis\5.0.3\asm-analysis-5.0.3.jar;C:\Users\pratimakushwaha\.m2\repository\org\ow2\asm\asm-tree\5.0.3\asm-tree-5.0.3.jar;C:\Users\pratimakushwaha\.m2\repository\org\ow2\asm\asm-util\5.0.3\asm-util-5.0.3.jar;C:\Users\pratimakushwaha\.m2\repository\com\github\jnr\jnr-x86asm\1.0.2\jnr-x86asm-1.0.2.jar;C:\Users\pratimakushwaha\.m2\repository\com\github\jnr\jnr-constants\0.9.8\jnr-constants-0.9.8.jar;C:\Users\pratimakushwaha\.m2\repository\com\github\jnr\jnr-enxio\0.16\jnr-enxio-0.16.jar;C:\Users\pratimakushwaha\.m2\repository\com\github\jnr\jnr-posix\3.0.35\jnr-posix-3.0.35.jar;C:\Users\pratimakushwaha\.m2\repository\commons-lang\commons-lang\2.6\commons-lang-2.6.jar;C:\Users\pratimakushwaha\.m2\repository\org\bouncycastle\bcpkix-jdk15on\1.59\bcpkix-jdk15on-1.59.jar;C:\Users\pratimakushwaha\.m2\repository\org\bouncycastle\bcprov-jdk15on\1.59\bcprov-jdk15on-1.59.jar;C:\Users\pratimakushwaha\.m2\repository\com\google\auth\google-auth-library-oauth2-http\0.6.0\google-auth-library-oauth2-http-0.6.0.jar;C:\Users\pratimakushwaha\.m2\repository\com\google\auth\google-auth-library-credentials\0.6.0\google-auth-library-credentials-0.6.0.jar;C:\Users\pratimakushwaha\.m2\repository\com\google\http-client\google-http-client\1.19.0\google-http-client-1.19.0.jar;C:\Users\pratimakushwaha\.m2\repository\com\google\code\findbugs\jsr305\1.3.9\jsr305-1.3.9.jar;C:\Users\pratimakushwaha\.m2\repository\com\google\http-client\google-http-client-jackson2\1.19.0\google-http-client-jackson2-1.19.0.jar;C:\Users\pratimakushwaha\.m2\repository\com\google\guava\guava\20.0\guava-20.0.jar;C:\Users\pratimakushwaha\.m2\repository\com\spotify\dockerfile-maven-extension\1.4.0\dockerfile-maven-extension-1.4.0.jar;C:\Users\pratimakushwaha\.m2\repository\org\apache\maven\maven-plugin-api\3.3.9\maven-plugin-api-3.3.9.jar;C:\Users\pratimakushwaha\.m2\repository\org\apache\maven\maven-model\3.3.9\maven-model-3.3.9.jar;C:\Users\pratimakushwaha\.m2\repository\org\apache\maven\maven-artifact\3.3.9\maven-artifact-3.3.9.jar;C:\Users\pratimakushwaha\.m2\repository\org\eclipse\sisu\org.eclipse.sisu.plexus\0.3.2\org.eclipse.sisu.plexus-0.3.2.jar;C:\Users\pratimakushwaha\.m2\repository\javax\enterprise\cdi-api\1.0\cdi-api-1.0.jar;C:\Users\pratimakushwaha\.m2\repository\javax\annotation\jsr250-api\1.0\jsr250-api-1.0.jar;C:\Users\pratimakushwaha\.m2\repository\org\eclipse\sisu\org.eclipse.sisu.inject\0.3.2\org.eclipse.sisu.inject-0.3.2.jar;C:\Users\pratimakushwaha\.m2\repository\org\apache\maven\maven-core\3.3.9\maven-core-3.3.9.jar;C:\Users\pratimakushwaha\.m2\repository\org\apache\maven\maven-settings\3.3.9\maven-settings-3.3.9.jar;C:\Users\pratimakushwaha\.m2\repository\org\apache\maven\maven-settings-builder\3.3.9\maven-settings-builder-3.3.9.jar;C:\Users\pratimakushwaha\.m2\repository\org\apache\maven\maven-builder-support\3.3.9\maven-builder-support-3.3.9.jar;C:\Users\pratimakushwaha\.m2\repository\org\apache\maven\maven-repository-metadata\3.3.9\maven-repository-metadata-3.3.9.jar;C:\Users\pratimakushwaha\.m2\repository\org\apache\maven\maven-model-builder\3.3.9\maven-model-builder-3.3.9.jar;C:\Users\pratimakushwaha\.m2\repository\org\apache\maven\maven-aether-provider\3.3.9\maven-aether-provider-3.3.9.jar;C:\Users\pratimakushwaha\.m2\repository\org\eclipse\aether\aether-spi\1.0.2.v20150114\aether-spi-1.0.2.v20150114.jar;C:\Users\pratimakushwaha\.m2\repository\org\eclipse\aether\aether-impl\1.0.2.v20150114\aether-impl-1.0.2.v20150114.jar;C:\Users\pratimakushwaha\.m2\repository\org\eclipse\aether\aether-api\1.0.2.v20150114\aether-api-1.0.2.v20150114.jar;C:\Users\pratimakushwaha\.m2\repository\org\eclipse\aether\aether-util\1.0.2.v20150114\aether-util-1.0.2.v20150114.jar;C:\Users\pratimakushwaha\.m2\repository\com\google\inject\guice\4.0\guice-4.0-no_aop.jar;C:\Users\pratimakushwaha\.m2\repository\javax\inject\javax.inject\1\javax.inject-1.jar;C:\Users\pratimakushwaha\.m2\repository\aopalliance\aopalliance\1.0\aopalliance-1.0.jar;C:\Users\pratimakushwaha\.m2\repository\org\codehaus\plexus\plexus-interpolation\1.21\plexus-interpolation-1.21.jar;C:\Users\pratimakushwaha\.m2\repository\org\codehaus\plexus\plexus-utils\3.0.22\plexus-utils-3.0.22.jar;C:\Users\pratimakushwaha\.m2\repository\org\codehaus\plexus\plexus-classworlds\2.5.2\plexus-classworlds-2.5.2.jar;C:\Users\pratimakushwaha\.m2\repository\org\codehaus\plexus\plexus-component-annotations\1.6\plexus-component-annotations-1.6.jar;C:\Users\pratimakushwaha\.m2\repository\org\sonatype\plexus\plexus-sec-dispatcher\1.3\plexus-sec-dispatcher-1.3.jar;C:\Users\pratimakushwaha\.m2\repository\org\sonatype\plexus\plexus-cipher\1.4\plexus-cipher-1.4.jar;C:\Users\pratimakushwaha\.m2\repository\org\apache\commons\commons-lang3\3.12.0\commons-lang3-3.12.0.jar;C:\Users\pratimakushwaha\.m2\repository\org\apache\maven\maven-archiver\3.0.0\maven-archiver-3.0.0.jar;C:\Users\pratimakushwaha\.m2\repository\org\apache\maven\shared\maven-shared-utils\3.0.0\maven-shared-utils-3.0.0.jar;C:\Users\pratimakushwaha\.m2\repository\org\codehaus\plexus\plexus-archiver\2.9.1\plexus-archiver-2.9.1.jar;C:\Users\pratimakushwaha\.m2\repository\org\codehaus\plexus\plexus-io\2.4.1\plexus-io-2.4.1.jar;C:\Users\pratimakushwaha\.m2\repository\com\google\code\gson\gson\2.9.1\gson-2.9.1.jar;"/>
    <property name="java.vm.vendor" value="Oracle Corporation"/>
    <property name="sun.arch.data.model" value="64"/>
    <property name="user.variant" value=""/>
    <property name="java.vendor.url" value="https://java.oracle.com/"/>
    <property name="user.timezone" value="Asia/Calcutta"/>
    <property name="os.name" value="Windows 11"/>
    <property name="java.vm.specification.version" value="17"/>
    <property name="sun.java.launcher" value="SUN_STANDARD"/>
    <property name="user.country" value="IN"/>
    <property name="sun.boot.library.path" value="C:\Program Files\Java\jdk-17.0.5\bin"/>
    <property name="sun.java.command" value="C:\Users\PRATIM~1\AppData\Local\Temp\surefire16116580293250720289\surefirebooter10399061602151109956.jar C:\Users\pratimakushwaha\AppData\Local\Temp\surefire16116580293250720289 2023-01-06T09-51-15_110-jvmRun1 surefire11709056159874861026tmp surefire_011538307418373553684tmp"/>
    <property name="jdk.debug" value="release"/>
    <property name="surefire.test.class.path" value="C:\Users\pratimakushwaha\Documents\Java Practice\assignment\jenkins-spring\target\test-classes;C:\Users\pratimakushwaha\Documents\Java Practice\assignment\jenkins-spring\target\classes;C:\Users\pratimakushwaha\.m2\repository\org\springframework\boot\spring-boot-starter-web\3.0.1\spring-boot-starter-web-3.0.1.jar;C:\Users\pratimakushwaha\.m2\repository\org\springframework\boot\spring-boot-starter\3.0.1\spring-boot-starter-3.0.1.jar;C:\Users\pratimakushwaha\.m2\repository\org\springframework\boot\spring-boot\3.0.1\spring-boot-3.0.1.jar;C:\Users\pratimakushwaha\.m2\repository\org\springframework\boot\spring-boot-autoconfigure\3.0.1\spring-boot-autoconfigure-3.0.1.jar;C:\Users\pratimakushwaha\.m2\repository\org\springframework\boot\spring-boot-starter-logging\3.0.1\spring-boot-starter-logging-3.0.1.jar;C:\Users\pratimakushwaha\.m2\repository\ch\qos\logback\logback-classic\1.4.5\logback-classic-1.4.5.jar;C:\Users\pratimakushwaha\.m2\repository\ch\qos\logback\logback-core\1.4.5\logback-core-1.4.5.jar;C:\Users\pratimakushwaha\.m2\repository\org\apache\logging\log4j\log4j-to-slf4j\2.19.0\log4j-to-slf4j-2.19.0.jar;C:\Users\pratimakushwaha\.m2\repository\org\apache\logging\log4j\log4j-api\2.19.0\log4j-api-2.19.0.jar;C:\Users\pratimakushwaha\.m2\repository\org\slf4j\jul-to-slf4j\2.0.6\jul-to-slf4j-2.0.6.jar;C:\Users\pratimakushwaha\.m2\repository\jakarta\annotation\jakarta.annotation-api\2.1.1\jakarta.annotation-api-2.1.1.jar;C:\Users\pratimakushwaha\.m2\repository\org\yaml\snakeyaml\1.33\snakeyaml-1.33.jar;C:\Users\pratimakushwaha\.m2\repository\org\springframework\boot\spring-boot-starter-json\3.0.1\spring-boot-starter-json-3.0.1.jar;C:\Users\pratimakushwaha\.m2\repository\com\fasterxml\jackson\core\jackson-databind\2.14.1\jackson-databind-2.14.1.jar;C:\Users\pratimakushwaha\.m2\repository\com\fasterxml\jackson\core\jackson-annotations\2.14.1\jackson-annotations-2.14.1.jar;C:\Users\pratimakushwaha\.m2\repository\com\fasterxml\jackson\core\jackson-core\2.14.1\jackson-core-2.14.1.jar;C:\Users\pratimakushwaha\.m2\repository\com\fasterxml\jackson\datatype\jackson-datatype-jdk8\2.14.1\jackson-datatype-jdk8-2.14.1.jar;C:\Users\pratimakushwaha\.m2\repository\com\fasterxml\jackson\datatype\jackson-datatype-jsr310\2.14.1\jackson-datatype-jsr310-2.14.1.jar;C:\Users\pratimakushwaha\.m2\repository\com\fasterxml\jackson\module\jackson-module-parameter-names\2.14.1\jackson-module-parameter-names-2.14.1.jar;C:\Users\pratimakushwaha\.m2\repository\org\springframework\boot\spring-boot-starter-tomcat\3.0.1\spring-boot-starter-tomcat-3.0.1.jar;C:\Users\pratimakushwaha\.m2\repository\org\apache\tomcat\embed\tomcat-embed-core\10.1.4\tomcat-embed-core-10.1.4.jar;C:\Users\pratimakushwaha\.m2\repository\org\apache\tomcat\embed\tomcat-embed-el\10.1.4\tomcat-embed-el-10.1.4.jar;C:\Users\pratimakushwaha\.m2\repository\org\apache\tomcat\embed\tomcat-embed-websocket\10.1.4\tomcat-embed-websocket-10.1.4.jar;C:\Users\pratimakushwaha\.m2\repository\org\springframework\spring-web\6.0.3\spring-web-6.0.3.jar;C:\Users\pratimakushwaha\.m2\repository\org\springframework\spring-beans\6.0.3\spring-beans-6.0.3.jar;C:\Users\pratimakushwaha\.m2\repository\io\micrometer\micrometer-observation\1.10.2\micrometer-observation-1.10.2.jar;C:\Users\pratimakushwaha\.m2\repository\io\micrometer\micrometer-commons\1.10.2\micrometer-commons-1.10.2.jar;C:\Users\pratimakushwaha\.m2\repository\org\springframework\spring-webmvc\6.0.3\spring-webmvc-6.0.3.jar;C:\Users\pratimakushwaha\.m2\repository\org\springframework\spring-aop\6.0.3\spring-aop-6.0.3.jar;C:\Users\pratimakushwaha\.m2\repository\org\springframework\spring-context\6.0.3\spring-context-6.0.3.jar;C:\Users\pratimakushwaha\.m2\repository\org\springframework\spring-expression\6.0.3\spring-expression-6.0.3.jar;C:\Users\pratimakushwaha\.m2\repository\org\springframework\boot\spring-boot-starter-test\3.0.1\spring-boot-starter-test-3.0.1.jar;C:\Users\pratimakushwaha\.m2\repository\org\springframework\boot\spring-boot-test\3.0.1\spring-boot-test-3.0.1.jar;C:\Users\pratimakushwaha\.m2\repository\org\springframework\boot\spring-boot-test-autoconfigure\3.0.1\spring-boot-test-autoconfigure-3.0.1.jar;C:\Users\pratimakushwaha\.m2\repository\com\jayway\jsonpath\json-path\2.7.0\json-path-2.7.0.jar;C:\Users\pratimakushwaha\.m2\repository\net\minidev\json-smart\2.4.8\json-smart-2.4.8.jar;C:\Users\pratimakushwaha\.m2\repository\net\minidev\accessors-smart\2.4.8\accessors-smart-2.4.8.jar;C:\Users\pratimakushwaha\.m2\repository\org\ow2\asm\asm\9.1\asm-9.1.jar;C:\Users\pratimakushwaha\.m2\repository\org\slf4j\slf4j-api\2.0.6\slf4j-api-2.0.6.jar;C:\Users\pratimakushwaha\.m2\repository\jakarta\xml\bind\jakarta.xml.bind-api\4.0.0\jakarta.xml.bind-api-4.0.0.jar;C:\Users\pratimakushwaha\.m2\repository\jakarta\activation\jakarta.activation-api\2.1.0\jakarta.activation-api-2.1.0.jar;C:\Users\pratimakushwaha\.m2\repository\org\assertj\assertj-core\3.23.1\assertj-core-3.23.1.jar;C:\Users\pratimakushwaha\.m2\repository\net\bytebuddy\byte-buddy\1.12.20\byte-buddy-1.12.20.jar;C:\Users\pratimakushwaha\.m2\repository\org\hamcrest\hamcrest\2.2\hamcrest-2.2.jar;C:\Users\pratimakushwaha\.m2\repository\org\junit\jupiter\junit-jupiter\5.9.1\junit-jupiter-5.9.1.jar;C:\Users\pratimakushwaha\.m2\repository\org\junit\jupiter\junit-jupiter-api\5.9.1\junit-jupiter-api-5.9.1.jar;C:\Users\pratimakushwaha\.m2\repository\org\opentest4j\opentest4j\1.2.0\opentest4j-1.2.0.jar;C:\Users\pratimakushwaha\.m2\repository\org\junit\platform\junit-platform-commons\1.9.1\junit-platform-commons-1.9.1.jar;C:\Users\pratimakushwaha\.m2\repository\org\apiguardian\apiguardian-api\1.1.2\apiguardian-api-1.1.2.jar;C:\Users\pratimakushwaha\.m2\repository\org\junit\jupiter\junit-jupiter-params\5.9.1\junit-jupiter-params-5.9.1.jar;C:\Users\pratimakushwaha\.m2\repository\org\junit\jupiter\junit-jupiter-engine\5.9.1\junit-jupiter-engine-5.9.1.jar;C:\Users\pratimakushwaha\.m2\repository\org\junit\platform\junit-platform-engine\1.9.1\junit-platform-engine-1.9.1.jar;C:\Users\pratimakushwaha\.m2\repository\org\mockito\mockito-core\4.8.1\mockito-core-4.8.1.jar;C:\Users\pratimakushwaha\.m2\repository\net\bytebuddy\byte-buddy-agent\1.12.20\byte-buddy-agent-1.12.20.jar;C:\Users\pratimakushwaha\.m2\repository\org\objenesis\objenesis\3.2\objenesis-3.2.jar;C:\Users\pratimakushwaha\.m2\repository\org\mockito\mockito-junit-jupiter\4.8.1\mockito-junit-jupiter-4.8.1.jar;C:\Users\pratimakushwaha\.m2\repository\org\skyscreamer\jsonassert\1.5.1\jsonassert-1.5.1.jar;C:\Users\pratimakushwaha\.m2\repository\com\vaadin\external\google\android-json\0.0.20131108.vaadin1\android-json-0.0.20131108.vaadin1.jar;C:\Users\pratimakushwaha\.m2\repository\org\springframework\spring-core\6.0.3\spring-core-6.0.3.jar;C:\Users\pratimakushwaha\.m2\repository\org\springframework\spring-jcl\6.0.3\spring-jcl-6.0.3.jar;C:\Users\pratimakushwaha\.m2\repository\org\springframework\spring-test\6.0.3\spring-test-6.0.3.jar;C:\Users\pratimakushwaha\.m2\repository\org\xmlunit\xmlunit-core\2.9.0\xmlunit-core-2.9.0.jar;C:\Users\pratimakushwaha\.m2\repository\com\spotify\dockerfile-maven-plugin\1.4.0\dockerfile-maven-plugin-1.4.0.jar;C:\Users\pratimakushwaha\.m2\repository\com\spotify\docker-client\8.11.1\docker-client-8.11.1-shaded.jar;C:\Users\pratimakushwaha\.m2\repository\com\fasterxml\jackson\jaxrs\jackson-jaxrs-json-provider\2.14.1\jackson-jaxrs-json-provider-2.14.1.jar;C:\Users\pratimakushwaha\.m2\repository\com\fasterxml\jackson\jaxrs\jackson-jaxrs-base\2.14.1\jackson-jaxrs-base-2.14.1.jar;C:\Users\pratimakushwaha\.m2\repository\com\fasterxml\jackson\module\jackson-module-jaxb-annotations\2.14.1\jackson-module-jaxb-annotations-2.14.1.jar;C:\Users\pratimakushwaha\.m2\repository\com\fasterxml\jackson\datatype\jackson-datatype-guava\2.14.1\jackson-datatype-guava-2.14.1.jar;C:\Users\pratimakushwaha\.m2\repository\org\glassfish\jersey\core\jersey-client\3.1.0\jersey-client-3.1.0.jar;C:\Users\pratimakushwaha\.m2\repository\jakarta\ws\rs\jakarta.ws.rs-api\3.1.0\jakarta.ws.rs-api-3.1.0.jar;C:\Users\pratimakushwaha\.m2\repository\org\glassfish\jersey\core\jersey-common\3.1.0\jersey-common-3.1.0.jar;C:\Users\pratimakushwaha\.m2\repository\org\glassfish\hk2\osgi-resource-locator\1.0.3\osgi-resource-locator-1.0.3.jar;C:\Users\pratimakushwaha\.m2\repository\jakarta\inject\jakarta.inject-api\2.0.1\jakarta.inject-api-2.0.1.jar;C:\Users\pratimakushwaha\.m2\repository\org\glassfish\jersey\connectors\jersey-apache-connector\3.1.0\jersey-apache-connector-3.1.0.jar;C:\Users\pratimakushwaha\.m2\repository\org\glassfish\jersey\media\jersey-media-json-jackson\3.1.0\jersey-media-json-jackson-3.1.0.jar;C:\Users\pratimakushwaha\.m2\repository\org\glassfish\jersey\ext\jersey-entity-filtering\3.1.0\jersey-entity-filtering-3.1.0.jar;C:\Users\pratimakushwaha\.m2\repository\com\fasterxml\jackson\module\jackson-module-jakarta-xmlbind-annotations\2.14.1\jackson-module-jakarta-xmlbind-annotations-2.14.1.jar;C:\Users\pratimakushwaha\.m2\repository\org\apache\commons\commons-compress\1.9\commons-compress-1.9.jar;C:\Users\pratimakushwaha\.m2\repository\commons-io\commons-io\2.5\commons-io-2.5.jar;C:\Users\pratimakushwaha\.m2\repository\org\apache\httpcomponents\httpclient\4.5.14\httpclient-4.5.14.jar;C:\Users\pratimakushwaha\.m2\repository\commons-codec\commons-codec\1.15\commons-codec-1.15.jar;C:\Users\pratimakushwaha\.m2\repository\org\apache\httpcomponents\httpcore\4.4.16\httpcore-4.4.16.jar;C:\Users\pratimakushwaha\.m2\repository\com\github\jnr\jnr-unixsocket\0.18\jnr-unixsocket-0.18.jar;C:\Users\pratimakushwaha\.m2\repository\com\github\jnr\jnr-ffi\2.1.4\jnr-ffi-2.1.4.jar;C:\Users\pratimakushwaha\.m2\repository\com\github\jnr\jffi\1.2.15\jffi-1.2.15.jar;C:\Users\pratimakushwaha\.m2\repository\com\github\jnr\jffi\1.2.15\jffi-1.2.15-native.jar;C:\Users\pratimakushwaha\.m2\repository\org\ow2\asm\asm-commons\5.0.3\asm-commons-5.0.3.jar;C:\Users\pratimakushwaha\.m2\repository\org\ow2\asm\asm-analysis\5.0.3\asm-analysis-5.0.3.jar;C:\Users\pratimakushwaha\.m2\repository\org\ow2\asm\asm-tree\5.0.3\asm-tree-5.0.3.jar;C:\Users\pratimakushwaha\.m2\repository\org\ow2\asm\asm-util\5.0.3\asm-util-5.0.3.jar;C:\Users\pratimakushwaha\.m2\repository\com\github\jnr\jnr-x86asm\1.0.2\jnr-x86asm-1.0.2.jar;C:\Users\pratimakushwaha\.m2\repository\com\github\jnr\jnr-constants\0.9.8\jnr-constants-0.9.8.jar;C:\Users\pratimakushwaha\.m2\repository\com\github\jnr\jnr-enxio\0.16\jnr-enxio-0.16.jar;C:\Users\pratimakushwaha\.m2\repository\com\github\jnr\jnr-posix\3.0.35\jnr-posix-3.0.35.jar;C:\Users\pratimakushwaha\.m2\repository\commons-lang\commons-lang\2.6\commons-lang-2.6.jar;C:\Users\pratimakushwaha\.m2\repository\org\bouncycastle\bcpkix-jdk15on\1.59\bcpkix-jdk15on-1.59.jar;C:\Users\pratimakushwaha\.m2\repository\org\bouncycastle\bcprov-jdk15on\1.59\bcprov-jdk15on-1.59.jar;C:\Users\pratimakushwaha\.m2\repository\com\google\auth\google-auth-library-oauth2-http\0.6.0\google-auth-library-oauth2-http-0.6.0.jar;C:\Users\pratimakushwaha\.m2\repository\com\google\auth\google-auth-library-credentials\0.6.0\google-auth-library-credentials-0.6.0.jar;C:\Users\pratimakushwaha\.m2\repository\com\google\http-client\google-http-client\1.19.0\google-http-client-1.19.0.jar;C:\Users\pratimakushwaha\.m2\repository\com\google\code\findbugs\jsr305\1.3.9\jsr305-1.3.9.jar;C:\Users\pratimakushwaha\.m2\repository\com\google\http-client\google-http-client-jackson2\1.19.0\google-http-client-jackson2-1.19.0.jar;C:\Users\pratimakushwaha\.m2\repository\com\google\guava\guava\20.0\guava-20.0.jar;C:\Users\pratimakushwaha\.m2\repository\com\spotify\dockerfile-maven-extension\1.4.0\dockerfile-maven-extension-1.4.0.jar;C:\Users\pratimakushwaha\.m2\repository\org\apache\maven\maven-plugin-api\3.3.9\maven-plugin-api-3.3.9.jar;C:\Users\pratimakushwaha\.m2\repository\org\apache\maven\maven-model\3.3.9\maven-model-3.3.9.jar;C:\Users\pratimakushwaha\.m2\repository\org\apache\maven\maven-artifact\3.3.9\maven-artifact-3.3.9.jar;C:\Users\pratimakushwaha\.m2\repository\org\eclipse\sisu\org.eclipse.sisu.plexus\0.3.2\org.eclipse.sisu.plexus-0.3.2.jar;C:\Users\pratimakushwaha\.m2\repository\javax\enterprise\cdi-api\1.0\cdi-api-1.0.jar;C:\Users\pratimakushwaha\.m2\repository\javax\annotation\jsr250-api\1.0\jsr250-api-1.0.jar;C:\Users\pratimakushwaha\.m2\repository\org\eclipse\sisu\org.eclipse.sisu.inject\0.3.2\org.eclipse.sisu.inject-0.3.2.jar;C:\Users\pratimakushwaha\.m2\repository\org\apache\maven\maven-core\3.3.9\maven-core-3.3.9.jar;C:\Users\pratimakushwaha\.m2\repository\org\apache\maven\maven-settings\3.3.9\maven-settings-3.3.9.jar;C:\Users\pratimakushwaha\.m2\repository\org\apache\maven\maven-settings-builder\3.3.9\maven-settings-builder-3.3.9.jar;C:\Users\pratimakushwaha\.m2\repository\org\apache\maven\maven-builder-support\3.3.9\maven-builder-support-3.3.9.jar;C:\Users\pratimakushwaha\.m2\repository\org\apache\maven\maven-repository-metadata\3.3.9\maven-repository-metadata-3.3.9.jar;C:\Users\pratimakushwaha\.m2\repository\org\apache\maven\maven-model-builder\3.3.9\maven-model-builder-3.3.9.jar;C:\Users\pratimakushwaha\.m2\repository\org\apache\maven\maven-aether-provider\3.3.9\maven-aether-provider-3.3.9.jar;C:\Users\pratimakushwaha\.m2\repository\org\eclipse\aether\aether-spi\1.0.2.v20150114\aether-spi-1.0.2.v20150114.jar;C:\Users\pratimakushwaha\.m2\repository\org\eclipse\aether\aether-impl\1.0.2.v20150114\aether-impl-1.0.2.v20150114.jar;C:\Users\pratimakushwaha\.m2\repository\org\eclipse\aether\aether-api\1.0.2.v20150114\aether-api-1.0.2.v20150114.jar;C:\Users\pratimakushwaha\.m2\repository\org\eclipse\aether\aether-util\1.0.2.v20150114\aether-util-1.0.2.v20150114.jar;C:\Users\pratimakushwaha\.m2\repository\com\google\inject\guice\4.0\guice-4.0-no_aop.jar;C:\Users\pratimakushwaha\.m2\repository\javax\inject\javax.inject\1\javax.inject-1.jar;C:\Users\pratimakushwaha\.m2\repository\aopalliance\aopalliance\1.0\aopalliance-1.0.jar;C:\Users\pratimakushwaha\.m2\repository\org\codehaus\plexus\plexus-interpolation\1.21\plexus-interpolation-1.21.jar;C:\Users\pratimakushwaha\.m2\repository\org\codehaus\plexus\plexus-utils\3.0.22\plexus-utils-3.0.22.jar;C:\Users\pratimakushwaha\.m2\repository\org\codehaus\plexus\plexus-classworlds\2.5.2\plexus-classworlds-2.5.2.jar;C:\Users\pratimakushwaha\.m2\repository\org\codehaus\plexus\plexus-component-annotations\1.6\plexus-component-annotations-1.6.jar;C:\Users\pratimakushwaha\.m2\repository\org\sonatype\plexus\plexus-sec-dispatcher\1.3\plexus-sec-dispatcher-1.3.jar;C:\Users\pratimakushwaha\.m2\repository\org\sonatype\plexus\plexus-cipher\1.4\plexus-cipher-1.4.jar;C:\Users\pratimakushwaha\.m2\repository\org\apache\commons\commons-lang3\3.12.0\commons-lang3-3.12.0.jar;C:\Users\pratimakushwaha\.m2\repository\org\apache\maven\maven-archiver\3.0.0\maven-archiver-3.0.0.jar;C:\Users\pratimakushwaha\.m2\repository\org\apache\maven\shared\maven-shared-utils\3.0.0\maven-shared-utils-3.0.0.jar;C:\Users\pratimakushwaha\.m2\repository\org\codehaus\plexus\plexus-archiver\2.9.1\plexus-archiver-2.9.1.jar;C:\Users\pratimakushwaha\.m2\repository\org\codehaus\plexus\plexus-io\2.4.1\plexus-io-2.4.1.jar;C:\Users\pratimakushwaha\.m2\repository\com\google\code\gson\gson\2.9.1\gson-2.9.1.jar;"/>
    <property name="sun.cpu.endian" value="little"/>
    <property name="user.home" value="C:\Users\pratimakushwaha"/>
    <property name="user.language" value="en"/>
    <property name="java.specification.vendor" value="Oracle Corporation"/>
    <property name="java.version.date" value="2022-10-18"/>
    <property name="java.home" value="C:\Program Files\Java\jdk-17.0.5"/>
    <property name="file.separator" value="\"/>
    <property name="basedir" value="C:\Users\pratimakushwaha\Documents\Java Practice\assignment\jenkins-spring"/>
    <property name="java.vm.compressedOopsMode" value="Zero based"/>
    <property name="line.separator" value="&#10;"/>
    <property name="java.vm.specification.vendor" value="Oracle Corporation"/>
    <property name="java.specification.name" value="Java Platform API Specification"/>
    <property name="surefire.real.class.path" value="C:\Users\PRATIM~1\AppData\Local\Temp\surefire16116580293250720289\surefirebooter10399061602151109956.jar"/>
    <property name="user.script" value=""/>
    <property name="sun.management.compiler" value="HotSpot 64-Bit Tiered Compilers"/>
    <property name="java.runtime.version" value="17.0.5+9-LTS-191"/>
    <property name="user.name" value="pratimakushwaha"/>
    <property name="path.separator" value=";"/>
    <property name="os.version" value="10.0"/>
    <property name="java.runtime.name" value="Java(TM) SE Runtime Environment"/>
    <property name="file.encoding" value="Cp1252"/>
    <property name="java.vm.name" value="Java HotSpot(TM) 64-Bit Server VM"/>
    <property name="localRepository" value="C:\Users\pratimakushwaha\.m2\repository"/>
    <property name="java.vendor.url.bug" value="https://bugreport.java.com/bugreport/"/>
    <property name="java.io.tmpdir" value="C:\Users\PRATIM~1\AppData\Local\Temp\"/>
    <property name="java.version" value="17.0.5"/>
    <property name="user.dir" value="C:\Users\pratimakushwaha\Documents\Java Practice\assignment\jenkins-spring"/>
    <property name="os.arch" value="amd64"/>
    <property name="java.vm.specification.name" value="Java Virtual Machine Specification"/>
    <property name="sun.os.patch.level" value=""/>
    <property name="native.encoding" value="Cp1252"/>
    <property name="java.library.path" value="C:\Program Files\Java\jdk-17.0.5\bin;C:\WINDOWS\Sun\Java\bin;C:\WINDOWS\system32;C:\WINDOWS;C:\Program Files\apache-maven-3.6.3/bin;C:\Program Files\Java\jdk-17.0.5/bin;C:\Program Files\Java\jdk-17.0.5/bin;C:\Python310\Scripts\;C:\Python310\;C:\Program Files\Common Files\Oracle\Java\javapath;C:\Program Files\Microsoft MPI\Bin\;C:\Windows\system32;C:\Windows;C:\Windows\System32\Wbem;C:\Windows\System32\WindowsPowerShell\v1.0\;C:\Windows\System32\OpenSSH\;C:\Program Files\TortoiseSVN\bin;C:\Program Files\dotnet\;C:\Program Files\Microsoft SQL Server\130\Tools\Binn\;C:\Program Files\Microsoft SQL Server\Client SDK\ODBC\170\Tools\Binn\;C:\Program Files (x86)\Microsoft SQL Server\150\DTS\Binn\;C:\Program Files\Azure Data Studio\bin;C:\Program Files (x86)\Microsoft SQL Server\140\Tools\Binn\;C:\Program Files\Microsoft SQL Server\140\Tools\Binn\;C:\Program Files (x86)\Microsoft SQL Server\140\DTS\Binn\;C:\Program Files\Microsoft SQL Server\140\DTS\Binn\;C:\Program Files\Microsoft SQL Server\Client SDK\ODBC\130\Tools\Binn\;C:\Program Files (x86)\dotnet\;C:\.Net &amp; Java Software\apache-ant-1.9.16-bin\apache-ant-1.9.16\bin;C:\ProgramData\chocolatey\bin;C:\Program Files\nodejs\;C:\WINDOWS\system32;C:\WINDOWS;C:\WINDOWS\System32\Wbem;C:\WINDOWS\System32\WindowsPowerShell\v1.0\;C:\WINDOWS\System32\OpenSSH\;C:\Program Files\Git\cmd;C:\Program Files\Java\jdk-17.0.5\bin;C:\Users\pratimakushwaha\AppData\Local\Microsoft\WindowsApps;C:\Users\pratimakushwaha\.dotnet\tools;C:\Users\pratimakushwaha\AppData\Local\Programs\Microsoft VS Code\bin;C:\Program Files\Azure Data Studio\bin;C:\Program Files\JetBrains\IntelliJ IDEA Community Edition 2021.3.3\bin;C:\Program Files\apache-maven-3.6.3\bin;;C:\.Net &amp; Java Software\apache-maven-3.6.3-bin.zip\apache-maven-3.6.3\bin;C:\Users\pratimakushwaha\AppData\Roaming\npm;C:\MinGW\bin;;."/>
    <property name="java.vm.info" value="mixed mode, sharing"/>
    <property name="java.vendor" value="Oracle Corporation"/>
    <property name="java.vm.version" value="17.0.5+9-LTS-191"/>
    <property name="sun.io.unicode.encoding" value="UnicodeLittle"/>
    <property name="java.class.version" value="61.0"/>
  </properties>
  <testcase name="contextLoads" classname="com.example.jenkins.JenkinsSpringApplicationTests" time="0.434"/>
</testsuite>